[2025-09-12T15:46:24.744+0000] {local_task_job_runner.py:120} INFO - ::group::Pre task execution logs
[2025-09-12T15:46:25.156+0000] {taskinstance.py:2076} INFO - Dependencies all met for dep_context=non-requeueable deps ti=<TaskInstance: 2_logistics_shipment_dag.copy_s3_to_snowflake manual__2025-09-12T15:45:03.098344+00:00 [queued]>
[2025-09-12T15:46:25.580+0000] {taskinstance.py:2076} INFO - Dependencies all met for dep_context=requeueable deps ti=<TaskInstance: 2_logistics_shipment_dag.copy_s3_to_snowflake manual__2025-09-12T15:45:03.098344+00:00 [queued]>
[2025-09-12T15:46:25.657+0000] {taskinstance.py:2306} INFO - Starting attempt 1 of 2
[2025-09-12T15:46:26.081+0000] {taskinstance.py:2330} INFO - Executing <Task(SnowflakeOperator): copy_s3_to_snowflake> on 2025-09-12 15:45:03.098344+00:00
[2025-09-12T15:46:26.150+0000] {standard_task_runner.py:63} INFO - Started process 1424 to run task
[2025-09-12T15:46:26.176+0000] {standard_task_runner.py:90} INFO - Running: ['airflow', 'tasks', 'run', '2_logistics_shipment_dag', 'copy_s3_to_snowflake', 'manual__2025-09-12T15:45:03.098344+00:00', '--job-id', '1066', '--raw', '--subdir', 'DAGS_FOLDER/2_logistics-shipment-dag.py', '--cfg-path', '/tmp/tmpdderbxr_']
[2025-09-12T15:46:26.293+0000] {standard_task_runner.py:91} INFO - Job 1066: Subtask copy_s3_to_snowflake
[2025-09-12T15:46:26.968+0000] {task_command.py:426} INFO - Running <TaskInstance: 2_logistics_shipment_dag.copy_s3_to_snowflake manual__2025-09-12T15:45:03.098344+00:00 [running]> on host c4b06dd52c37
[2025-09-12T15:46:27.454+0000] {taskinstance.py:2648} INFO - Exporting env vars: AIRFLOW_CTX_DAG_OWNER='airflow' AIRFLOW_CTX_DAG_ID='2_logistics_shipment_dag' AIRFLOW_CTX_TASK_ID='copy_s3_to_snowflake' AIRFLOW_CTX_EXECUTION_DATE='2025-09-12T15:45:03.098344+00:00' AIRFLOW_CTX_TRY_NUMBER='1' AIRFLOW_CTX_DAG_RUN_ID='manual__2025-09-12T15:45:03.098344+00:00'
[2025-09-12T15:46:27.458+0000] {taskinstance.py:430} INFO - ::endgroup::
[2025-09-12T15:46:27.548+0000] {sql.py:276} INFO - Executing: 
            COPY INTO LOGISTICS_DEMO_1.BRONZE.shipment_raw
            FROM '@LOGISTICS_DEMO_1.BRONZE.AWS_DEMO_STAGE_3/logistics_json/shipment_20250912_154503.json'
            FILE_FORMAT = (TYPE = 'JSON');
        
[2025-09-12T15:46:27.610+0000] {base.py:84} INFO - Using connection ID 'snowflakeid' for task execution.
[2025-09-12T15:46:28.343+0000] {base.py:84} INFO - Using connection ID 'snowflakeid' for task execution.
[2025-09-12T15:46:28.353+0000] {connection.py:521} INFO - Snowflake Connector for Python Version: 3.17.3, Python Version: 3.11.9, Platform: Linux-6.6.87.2-microsoft-standard-WSL2-x86_64-with-glibc2.36
[2025-09-12T15:46:28.360+0000] {connection.py:1464} INFO - Connecting to GLOBAL Snowflake domain
[2025-09-12T15:46:36.614+0000] {sql.py:470} INFO - Running statement: COPY INTO LOGISTICS_DEMO_1.BRONZE.shipment_raw
            FROM '@LOGISTICS_DEMO_1.BRONZE.AWS_DEMO_STAGE_3/logistics_json/shipment_20250912_154503.json'
            FILE_FORMAT = (TYPE = 'JSON');, parameters: None
[2025-09-12T15:46:38.963+0000] {sql.py:479} INFO - Rows affected: 1
[2025-09-12T15:46:38.966+0000] {snowflake.py:407} INFO - Rows affected: 1
[2025-09-12T15:46:38.967+0000] {snowflake.py:408} INFO - Snowflake query id: 01bf0112-3201-edf5-000f-7c6200038082
[2025-09-12T15:46:39.322+0000] {taskinstance.py:441} INFO - ::group::Post task execution logs
[2025-09-12T15:46:39.655+0000] {taskinstance.py:1206} INFO - Marking task as SUCCESS. dag_id=2_logistics_shipment_dag, task_id=copy_s3_to_snowflake, run_id=manual__2025-09-12T15:45:03.098344+00:00, execution_date=20250912T154503, start_date=20250912T154625, end_date=20250912T154639
[2025-09-12T15:46:40.072+0000] {local_task_job_runner.py:240} INFO - Task exited with return code 0
[2025-09-12T15:46:40.194+0000] {logging_mixin.py:188} WARNING - /home/airflow/.local/lib/python3.11/site-packages/airflow/models/baseoperator.py:1296 AirflowProviderDeprecationWarning: Call to deprecated class SnowflakeOperator. (This class is deprecated. Please use `airflow.providers.common.sql.operators.sql.SQLExecuteQueryOperator`. Also, you can provide `hook_params={'warehouse': <warehouse>, 'database': <database>, 'role': <role>, 'schema': <schema>, 'authenticator': <authenticator>,'session_parameters': <session_parameters>}`.)
[2025-09-12T15:46:40.396+0000] {taskinstance.py:3498} INFO - 1 downstream tasks scheduled from follow-on schedule check
[2025-09-12T15:46:40.425+0000] {local_task_job_runner.py:222} INFO - ::endgroup::
