[2025-09-20T04:38:07.488+0000] {local_task_job_runner.py:120} INFO - ::group::Pre task execution logs
[2025-09-20T04:38:07.960+0000] {taskinstance.py:2076} INFO - Dependencies all met for dep_context=non-requeueable deps ti=<TaskInstance: 4_logistics_ticket_classifier_full_dag.copy_s3_to_snowflake manual__2025-09-18T11:08:23.319503+00:00 [queued]>
[2025-09-20T04:38:08.069+0000] {taskinstance.py:2076} INFO - Dependencies all met for dep_context=requeueable deps ti=<TaskInstance: 4_logistics_ticket_classifier_full_dag.copy_s3_to_snowflake manual__2025-09-18T11:08:23.319503+00:00 [queued]>
[2025-09-20T04:38:08.073+0000] {taskinstance.py:2306} INFO - Starting attempt 1 of 1
[2025-09-20T04:38:09.158+0000] {taskinstance.py:2330} INFO - Executing <Task(SnowflakeOperator): copy_s3_to_snowflake> on 2025-09-18 11:08:23.319503+00:00
[2025-09-20T04:38:09.267+0000] {standard_task_runner.py:63} INFO - Started process 80 to run task
[2025-09-20T04:38:09.334+0000] {standard_task_runner.py:90} INFO - Running: ['airflow', 'tasks', 'run', '4_logistics_ticket_classifier_full_dag', 'copy_s3_to_snowflake', 'manual__2025-09-18T11:08:23.319503+00:00', '--job-id', '1090', '--raw', '--subdir', 'DAGS_FOLDER/4_logistics_ticket_classifier_full_dag.py', '--cfg-path', '/tmp/tmpbbdpzq_u']
[2025-09-20T04:38:09.377+0000] {standard_task_runner.py:91} INFO - Job 1090: Subtask copy_s3_to_snowflake
[2025-09-20T04:38:10.085+0000] {task_command.py:426} INFO - Running <TaskInstance: 4_logistics_ticket_classifier_full_dag.copy_s3_to_snowflake manual__2025-09-18T11:08:23.319503+00:00 [running]> on host 9d1b71842418
[2025-09-20T04:38:10.841+0000] {taskinstance.py:2648} INFO - Exporting env vars: AIRFLOW_CTX_DAG_OWNER='airflow' AIRFLOW_CTX_DAG_ID='4_logistics_ticket_classifier_full_dag' AIRFLOW_CTX_TASK_ID='copy_s3_to_snowflake' AIRFLOW_CTX_EXECUTION_DATE='2025-09-18T11:08:23.319503+00:00' AIRFLOW_CTX_TRY_NUMBER='1' AIRFLOW_CTX_DAG_RUN_ID='manual__2025-09-18T11:08:23.319503+00:00'
[2025-09-20T04:38:10.846+0000] {taskinstance.py:430} INFO - ::endgroup::
[2025-09-20T04:38:10.966+0000] {sql.py:276} INFO - Executing: 
            COPY INTO LOGISTICS_DEMO_1.BRONZE.customer_support_raw 
            FROM @LOGISTICS_DEMO_1.BRONZE.AWS_DEMO_STAGE_3/logistics_customer_support_json/2025-09-11/shiprocket_support_tickets.json
            FILE_FORMAT = (TYPE = 'JSON')
            ON_ERROR = 'SKIP_FILE';
        
[2025-09-20T04:38:11.049+0000] {base.py:84} INFO - Using connection ID 'snowflakeid' for task execution.
[2025-09-20T04:38:11.581+0000] {base.py:84} INFO - Using connection ID 'snowflakeid' for task execution.
[2025-09-20T04:38:11.585+0000] {connection.py:521} INFO - Snowflake Connector for Python Version: 3.17.3, Python Version: 3.11.9, Platform: Linux-6.6.87.2-microsoft-standard-WSL2-x86_64-with-glibc2.36
[2025-09-20T04:38:11.598+0000] {connection.py:1464} INFO - Connecting to GLOBAL Snowflake domain
[2025-09-20T04:38:12.105+0000] {credentials.py:1278} INFO - Found credentials in shared credentials file: ~/.aws/credentials
[2025-09-20T04:38:16.712+0000] {sql.py:470} INFO - Running statement: COPY INTO LOGISTICS_DEMO_1.BRONZE.customer_support_raw 
            FROM @LOGISTICS_DEMO_1.BRONZE.AWS_DEMO_STAGE_3/logistics_customer_support_json/2025-09-11/shiprocket_support_tickets.json
            FILE_FORMAT = (TYPE = 'JSON')
            ON_ERROR = 'SKIP_FILE';, parameters: None
[2025-09-20T04:38:17.153+0000] {sql.py:479} INFO - Rows affected: 1
[2025-09-20T04:38:17.169+0000] {snowflake.py:407} INFO - Rows affected: 1
[2025-09-20T04:38:17.171+0000] {snowflake.py:408} INFO - Snowflake query id: 01bf2b76-3201-f1db-000f-7c620004a2a2
[2025-09-20T04:38:17.422+0000] {taskinstance.py:441} INFO - ::group::Post task execution logs
[2025-09-20T04:38:17.894+0000] {taskinstance.py:1206} INFO - Marking task as SUCCESS. dag_id=4_logistics_ticket_classifier_full_dag, task_id=copy_s3_to_snowflake, run_id=manual__2025-09-18T11:08:23.319503+00:00, execution_date=20250918T110823, start_date=20250920T043807, end_date=20250920T043817
[2025-09-20T04:38:18.083+0000] {local_task_job_runner.py:240} INFO - Task exited with return code 0
[2025-09-20T04:38:18.192+0000] {logging_mixin.py:188} WARNING - /home/airflow/.local/lib/python3.11/site-packages/airflow/models/baseoperator.py:1296 AirflowProviderDeprecationWarning: Call to deprecated class SnowflakeOperator. (This class is deprecated. Please use `airflow.providers.common.sql.operators.sql.SQLExecuteQueryOperator`. Also, you can provide `hook_params={'warehouse': <warehouse>, 'database': <database>, 'role': <role>, 'schema': <schema>, 'authenticator': <authenticator>,'session_parameters': <session_parameters>}`.)
[2025-09-20T04:38:18.441+0000] {taskinstance.py:3498} INFO - 1 downstream tasks scheduled from follow-on schedule check
[2025-09-20T04:38:18.494+0000] {local_task_job_runner.py:222} INFO - ::endgroup::
