[2025-09-12T17:44:04.351+0000] {local_task_job_runner.py:120} INFO - ::group::Pre task execution logs
[2025-09-12T17:44:04.565+0000] {taskinstance.py:2076} INFO - Dependencies all met for dep_context=non-requeueable deps ti=<TaskInstance: 3_logistics_gold_metrics_dbt.shipment_delay_analysis manual__2025-09-12T17:43:36.182577+00:00 [queued]>
[2025-09-12T17:44:04.640+0000] {taskinstance.py:2076} INFO - Dependencies all met for dep_context=requeueable deps ti=<TaskInstance: 3_logistics_gold_metrics_dbt.shipment_delay_analysis manual__2025-09-12T17:43:36.182577+00:00 [queued]>
[2025-09-12T17:44:04.643+0000] {taskinstance.py:2306} INFO - Starting attempt 1 of 1
[2025-09-12T17:44:04.826+0000] {taskinstance.py:2330} INFO - Executing <Task(SnowflakeOperator): shipment_delay_analysis> on 2025-09-12 17:43:36.182577+00:00
[2025-09-12T17:44:04.893+0000] {standard_task_runner.py:63} INFO - Started process 2655 to run task
[2025-09-12T17:44:04.917+0000] {standard_task_runner.py:90} INFO - Running: ['airflow', 'tasks', 'run', '3_logistics_gold_metrics_dbt', 'shipment_delay_analysis', 'manual__2025-09-12T17:43:36.182577+00:00', '--job-id', '1072', '--raw', '--subdir', 'DAGS_FOLDER/3_logistics-gold-metrics-dbt.py', '--cfg-path', '/tmp/tmpqo8f0k7g']
[2025-09-12T17:44:04.939+0000] {standard_task_runner.py:91} INFO - Job 1072: Subtask shipment_delay_analysis
[2025-09-12T17:44:05.471+0000] {task_command.py:426} INFO - Running <TaskInstance: 3_logistics_gold_metrics_dbt.shipment_delay_analysis manual__2025-09-12T17:43:36.182577+00:00 [running]> on host c4b06dd52c37
[2025-09-12T17:44:06.135+0000] {taskinstance.py:2648} INFO - Exporting env vars: AIRFLOW_CTX_DAG_OWNER='data_eng' AIRFLOW_CTX_DAG_ID='3_logistics_gold_metrics_dbt' AIRFLOW_CTX_TASK_ID='shipment_delay_analysis' AIRFLOW_CTX_EXECUTION_DATE='2025-09-12T17:43:36.182577+00:00' AIRFLOW_CTX_TRY_NUMBER='1' AIRFLOW_CTX_DAG_RUN_ID='manual__2025-09-12T17:43:36.182577+00:00'
[2025-09-12T17:44:06.140+0000] {taskinstance.py:430} INFO - ::endgroup::
[2025-09-12T17:44:06.286+0000] {sql.py:276} INFO - Executing: 
        CREATE OR REPLACE VIEW LOGISTICS_DEMO_1.gold.shipment_delay_summary AS
            SELECT
                f.CARRIER_NAME AS courier_name,
                f.DESTINATION_CITY AS delivery_zone,
                COUNT(*) AS total_shipments,
                AVG(DATEDIFF(day, f.STATUS_CREATED_AT, f.STATUS_DELIVERED_AT)) AS avg_delivery_days,
                SUM(CASE WHEN f.DELAY_FLAG THEN 1 ELSE 0 END) AS delayed_shipments,
                ROUND(100.0 * SUM(CASE WHEN f.DELAY_FLAG THEN 1 ELSE 0 END) / COUNT(*), 2) AS delay_rate_pct
            FROM LOGISTICS_DEMO_1.SILVER.FACT_SHIPMENTS f
            WHERE f.STATUS_CREATED_AT >= CURRENT_DATE - 30
            GROUP BY f.CARRIER_NAME, f.DESTINATION_CITY
            ORDER BY delay_rate_pct DESC;
        
[2025-09-12T17:44:06.370+0000] {base.py:84} INFO - Using connection ID 'snowflakeid' for task execution.
[2025-09-12T17:44:07.129+0000] {base.py:84} INFO - Using connection ID 'snowflakeid' for task execution.
[2025-09-12T17:44:07.134+0000] {connection.py:521} INFO - Snowflake Connector for Python Version: 3.17.3, Python Version: 3.11.9, Platform: Linux-6.6.87.2-microsoft-standard-WSL2-x86_64-with-glibc2.36
[2025-09-12T17:44:07.137+0000] {connection.py:1464} INFO - Connecting to GLOBAL Snowflake domain
[2025-09-12T17:44:08.339+0000] {credentials.py:1278} INFO - Found credentials in shared credentials file: ~/.aws/credentials
[2025-09-12T17:44:13.671+0000] {sql.py:470} INFO - Running statement: CREATE OR REPLACE VIEW LOGISTICS_DEMO_1.gold.shipment_delay_summary AS
            SELECT
                f.CARRIER_NAME AS courier_name,
                f.DESTINATION_CITY AS delivery_zone,
                COUNT(*) AS total_shipments,
                AVG(DATEDIFF(day, f.STATUS_CREATED_AT, f.STATUS_DELIVERED_AT)) AS avg_delivery_days,
                SUM(CASE WHEN f.DELAY_FLAG THEN 1 ELSE 0 END) AS delayed_shipments,
                ROUND(100.0 * SUM(CASE WHEN f.DELAY_FLAG THEN 1 ELSE 0 END) / COUNT(*), 2) AS delay_rate_pct
            FROM LOGISTICS_DEMO_1.SILVER.FACT_SHIPMENTS f
            WHERE f.STATUS_CREATED_AT >= CURRENT_DATE - 30
            GROUP BY f.CARRIER_NAME, f.DESTINATION_CITY
            ORDER BY delay_rate_pct DESC;, parameters: None
[2025-09-12T17:44:13.897+0000] {sql.py:479} INFO - Rows affected: 1
[2025-09-12T17:44:13.899+0000] {snowflake.py:407} INFO - Rows affected: 1
[2025-09-12T17:44:13.900+0000] {snowflake.py:408} INFO - Snowflake query id: 01bf0188-3201-edf5-000f-7c620003821a
[2025-09-12T17:44:14.114+0000] {taskinstance.py:441} INFO - ::group::Post task execution logs
[2025-09-12T17:44:14.254+0000] {taskinstance.py:1206} INFO - Marking task as SUCCESS. dag_id=3_logistics_gold_metrics_dbt, task_id=shipment_delay_analysis, run_id=manual__2025-09-12T17:43:36.182577+00:00, execution_date=20250912T174336, start_date=20250912T174404, end_date=20250912T174414
[2025-09-12T17:44:14.484+0000] {local_task_job_runner.py:240} INFO - Task exited with return code 0
[2025-09-12T17:44:14.558+0000] {logging_mixin.py:188} WARNING - /home/airflow/.local/lib/python3.11/site-packages/airflow/models/baseoperator.py:1296 AirflowProviderDeprecationWarning: Call to deprecated class SnowflakeOperator. (This class is deprecated. Please use `airflow.providers.common.sql.operators.sql.SQLExecuteQueryOperator`. Also, you can provide `hook_params={'warehouse': <warehouse>, 'database': <database>, 'role': <role>, 'schema': <schema>, 'authenticator': <authenticator>,'session_parameters': <session_parameters>}`.)
[2025-09-12T17:44:14.685+0000] {taskinstance.py:3498} INFO - 1 downstream tasks scheduled from follow-on schedule check
[2025-09-12T17:44:14.713+0000] {local_task_job_runner.py:222} INFO - ::endgroup::
