[2025-09-12T17:44:32.649+0000] {local_task_job_runner.py:120} INFO - ::group::Pre task execution logs
[2025-09-12T17:44:32.949+0000] {taskinstance.py:2076} INFO - Dependencies all met for dep_context=non-requeueable deps ti=<TaskInstance: 3_logistics_gold_metrics_dbt.seller_rto_performance manual__2025-09-12T17:43:36.182577+00:00 [queued]>
[2025-09-12T17:44:33.007+0000] {taskinstance.py:2076} INFO - Dependencies all met for dep_context=requeueable deps ti=<TaskInstance: 3_logistics_gold_metrics_dbt.seller_rto_performance manual__2025-09-12T17:43:36.182577+00:00 [queued]>
[2025-09-12T17:44:33.010+0000] {taskinstance.py:2306} INFO - Starting attempt 1 of 1
[2025-09-12T17:44:33.181+0000] {taskinstance.py:2330} INFO - Executing <Task(SnowflakeOperator): seller_rto_performance> on 2025-09-12 17:43:36.182577+00:00
[2025-09-12T17:44:33.224+0000] {standard_task_runner.py:63} INFO - Started process 2669 to run task
[2025-09-12T17:44:33.253+0000] {standard_task_runner.py:90} INFO - Running: ['airflow', 'tasks', 'run', '3_logistics_gold_metrics_dbt', 'seller_rto_performance', 'manual__2025-09-12T17:43:36.182577+00:00', '--job-id', '1073', '--raw', '--subdir', 'DAGS_FOLDER/3_logistics-gold-metrics-dbt.py', '--cfg-path', '/tmp/tmplp57ekf9']
[2025-09-12T17:44:33.268+0000] {standard_task_runner.py:91} INFO - Job 1073: Subtask seller_rto_performance
[2025-09-12T17:44:33.882+0000] {task_command.py:426} INFO - Running <TaskInstance: 3_logistics_gold_metrics_dbt.seller_rto_performance manual__2025-09-12T17:43:36.182577+00:00 [running]> on host c4b06dd52c37
[2025-09-12T17:44:34.331+0000] {taskinstance.py:2648} INFO - Exporting env vars: AIRFLOW_CTX_DAG_OWNER='data_eng' AIRFLOW_CTX_DAG_ID='3_logistics_gold_metrics_dbt' AIRFLOW_CTX_TASK_ID='seller_rto_performance' AIRFLOW_CTX_EXECUTION_DATE='2025-09-12T17:43:36.182577+00:00' AIRFLOW_CTX_TRY_NUMBER='1' AIRFLOW_CTX_DAG_RUN_ID='manual__2025-09-12T17:43:36.182577+00:00'
[2025-09-12T17:44:34.334+0000] {taskinstance.py:430} INFO - ::endgroup::
[2025-09-12T17:44:34.370+0000] {sql.py:276} INFO - Executing: 
        CREATE OR REPLACE VIEW LOGISTICS_DEMO_1.gold.seller_rto_performance AS
        SELECT
            s.seller_id,
            s.seller_name,
            COUNT(*) AS total_orders,
            ROUND(AVG(f.delivery_tat_days), 2) AS avg_tat,
            SUM(CASE WHEN f.rto_flag THEN 1 ELSE 0 END) AS rto_orders,
            ROUND(100.0 * SUM(CASE WHEN f.rto_flag THEN 1 ELSE 0 END) / COUNT(*), 2) AS rto_pct,
            ROUND(SUM(f.shipping_cost), 2) AS total_shipping_cost
        FROM LOGISTICS_DEMO_1.silver.fact_shipments f
        JOIN LOGISTICS_DEMO_1.silver.dim_sellers s ON f.seller_id = s.seller_id
        GROUP BY s.seller_id, s.seller_name
        ORDER BY rto_pct DESC;
        
[2025-09-12T17:44:34.399+0000] {base.py:84} INFO - Using connection ID 'snowflakeid' for task execution.
[2025-09-12T17:44:34.587+0000] {base.py:84} INFO - Using connection ID 'snowflakeid' for task execution.
[2025-09-12T17:44:34.589+0000] {connection.py:521} INFO - Snowflake Connector for Python Version: 3.17.3, Python Version: 3.11.9, Platform: Linux-6.6.87.2-microsoft-standard-WSL2-x86_64-with-glibc2.36
[2025-09-12T17:44:34.594+0000] {connection.py:1464} INFO - Connecting to GLOBAL Snowflake domain
[2025-09-12T17:44:35.427+0000] {credentials.py:1278} INFO - Found credentials in shared credentials file: ~/.aws/credentials
[2025-09-12T17:44:38.699+0000] {sql.py:470} INFO - Running statement: CREATE OR REPLACE VIEW LOGISTICS_DEMO_1.gold.seller_rto_performance AS
        SELECT
            s.seller_id,
            s.seller_name,
            COUNT(*) AS total_orders,
            ROUND(AVG(f.delivery_tat_days), 2) AS avg_tat,
            SUM(CASE WHEN f.rto_flag THEN 1 ELSE 0 END) AS rto_orders,
            ROUND(100.0 * SUM(CASE WHEN f.rto_flag THEN 1 ELSE 0 END) / COUNT(*), 2) AS rto_pct,
            ROUND(SUM(f.shipping_cost), 2) AS total_shipping_cost
        FROM LOGISTICS_DEMO_1.silver.fact_shipments f
        JOIN LOGISTICS_DEMO_1.silver.dim_sellers s ON f.seller_id = s.seller_id
        GROUP BY s.seller_id, s.seller_name
        ORDER BY rto_pct DESC;, parameters: None
[2025-09-12T17:44:38.901+0000] {sql.py:479} INFO - Rows affected: 1
[2025-09-12T17:44:38.913+0000] {snowflake.py:407} INFO - Rows affected: 1
[2025-09-12T17:44:38.919+0000] {snowflake.py:408} INFO - Snowflake query id: 01bf0188-3201-edf5-000f-7c620003821e
[2025-09-12T17:44:39.209+0000] {taskinstance.py:441} INFO - ::group::Post task execution logs
[2025-09-12T17:44:39.419+0000] {taskinstance.py:1206} INFO - Marking task as SUCCESS. dag_id=3_logistics_gold_metrics_dbt, task_id=seller_rto_performance, run_id=manual__2025-09-12T17:43:36.182577+00:00, execution_date=20250912T174336, start_date=20250912T174432, end_date=20250912T174439
[2025-09-12T17:44:39.573+0000] {local_task_job_runner.py:240} INFO - Task exited with return code 0
[2025-09-12T17:44:39.638+0000] {logging_mixin.py:188} WARNING - /home/airflow/.local/lib/python3.11/site-packages/airflow/models/baseoperator.py:1296 AirflowProviderDeprecationWarning: Call to deprecated class SnowflakeOperator. (This class is deprecated. Please use `airflow.providers.common.sql.operators.sql.SQLExecuteQueryOperator`. Also, you can provide `hook_params={'warehouse': <warehouse>, 'database': <database>, 'role': <role>, 'schema': <schema>, 'authenticator': <authenticator>,'session_parameters': <session_parameters>}`.)
[2025-09-12T17:44:39.761+0000] {taskinstance.py:3498} INFO - 1 downstream tasks scheduled from follow-on schedule check
[2025-09-12T17:44:39.783+0000] {local_task_job_runner.py:222} INFO - ::endgroup::
