[2025-09-20T04:40:57.141+0000] {local_task_job_runner.py:120} INFO - ::group::Pre task execution logs
[2025-09-20T04:40:57.281+0000] {taskinstance.py:2076} INFO - Dependencies all met for dep_context=non-requeueable deps ti=<TaskInstance: 4_logistics_ticket_classifier_full_dag.apply_classifier_to_tickets manual__2025-09-18T11:08:23.319503+00:00 [queued]>
[2025-09-20T04:40:57.331+0000] {taskinstance.py:2076} INFO - Dependencies all met for dep_context=requeueable deps ti=<TaskInstance: 4_logistics_ticket_classifier_full_dag.apply_classifier_to_tickets manual__2025-09-18T11:08:23.319503+00:00 [queued]>
[2025-09-20T04:40:57.335+0000] {taskinstance.py:2306} INFO - Starting attempt 1 of 1
[2025-09-20T04:40:57.475+0000] {taskinstance.py:2330} INFO - Executing <Task(PythonOperator): apply_classifier_to_tickets> on 2025-09-18 11:08:23.319503+00:00
[2025-09-20T04:40:57.515+0000] {standard_task_runner.py:63} INFO - Started process 161 to run task
[2025-09-20T04:40:57.534+0000] {standard_task_runner.py:90} INFO - Running: ['airflow', 'tasks', 'run', '4_logistics_ticket_classifier_full_dag', 'apply_classifier_to_tickets', 'manual__2025-09-18T11:08:23.319503+00:00', '--job-id', '1094', '--raw', '--subdir', 'DAGS_FOLDER/4_logistics_ticket_classifier_full_dag.py', '--cfg-path', '/tmp/tmp15zqsxdc']
[2025-09-20T04:40:57.541+0000] {standard_task_runner.py:91} INFO - Job 1094: Subtask apply_classifier_to_tickets
[2025-09-20T04:40:57.865+0000] {task_command.py:426} INFO - Running <TaskInstance: 4_logistics_ticket_classifier_full_dag.apply_classifier_to_tickets manual__2025-09-18T11:08:23.319503+00:00 [running]> on host 9d1b71842418
[2025-09-20T04:40:58.296+0000] {taskinstance.py:2648} INFO - Exporting env vars: AIRFLOW_CTX_DAG_OWNER='airflow' AIRFLOW_CTX_DAG_ID='4_logistics_ticket_classifier_full_dag' AIRFLOW_CTX_TASK_ID='apply_classifier_to_tickets' AIRFLOW_CTX_EXECUTION_DATE='2025-09-18T11:08:23.319503+00:00' AIRFLOW_CTX_TRY_NUMBER='1' AIRFLOW_CTX_DAG_RUN_ID='manual__2025-09-18T11:08:23.319503+00:00'
[2025-09-20T04:40:58.299+0000] {taskinstance.py:430} INFO - ::endgroup::
[2025-09-20T04:40:58.368+0000] {connection.py:521} INFO - Snowflake Connector for Python Version: 3.17.3, Python Version: 3.11.9, Platform: Linux-6.6.87.2-microsoft-standard-WSL2-x86_64-with-glibc2.36
[2025-09-20T04:40:58.371+0000] {connection.py:1464} INFO - Connecting to GLOBAL Snowflake domain
[2025-09-20T04:40:58.818+0000] {credentials.py:1278} INFO - Found credentials in shared credentials file: ~/.aws/credentials
[2025-09-20T04:40:59.804+0000] {session.py:796} INFO - Snowpark Session information: 
"version" : 1.39.0,
"python.version" : 3.11.9,
"python.connector.version" : 3.17.3,
"python.connector.session.id" : 4358884999487546,
"os.name" : Linux

[2025-09-20T04:41:03.804+0000] {python.py:237} INFO - Done. Returned value was: None
[2025-09-20T04:41:03.813+0000] {taskinstance.py:441} INFO - ::group::Post task execution logs
[2025-09-20T04:41:04.359+0000] {taskinstance.py:1206} INFO - Marking task as SUCCESS. dag_id=4_logistics_ticket_classifier_full_dag, task_id=apply_classifier_to_tickets, run_id=manual__2025-09-18T11:08:23.319503+00:00, execution_date=20250918T110823, start_date=20250920T044057, end_date=20250920T044104
[2025-09-20T04:41:06.126+0000] {local_task_job_runner.py:240} INFO - Task exited with return code 0
[2025-09-20T04:41:06.410+0000] {taskinstance.py:3498} INFO - 1 downstream tasks scheduled from follow-on schedule check
[2025-09-20T04:41:07.753+0000] {local_task_job_runner.py:222} INFO - ::endgroup::
