[2025-09-18T10:43:45.648+0000] {local_task_job_runner.py:120} INFO - ::group::Pre task execution logs
[2025-09-18T10:43:46.043+0000] {taskinstance.py:2076} INFO - Dependencies all met for dep_context=non-requeueable deps ti=<TaskInstance: 3_logistics_gold_metrics_dbt.dbt_run_gold manual__2025-09-18T10:38:45.580674+00:00 [queued]>
[2025-09-18T10:43:46.208+0000] {taskinstance.py:2076} INFO - Dependencies all met for dep_context=requeueable deps ti=<TaskInstance: 3_logistics_gold_metrics_dbt.dbt_run_gold manual__2025-09-18T10:38:45.580674+00:00 [queued]>
[2025-09-18T10:43:46.212+0000] {taskinstance.py:2306} INFO - Starting attempt 1 of 1
[2025-09-18T10:43:46.448+0000] {taskinstance.py:2330} INFO - Executing <Task(BashOperator): dbt_run_gold> on 2025-09-18 10:38:45.580674+00:00
[2025-09-18T10:43:46.519+0000] {standard_task_runner.py:63} INFO - Started process 4375 to run task
[2025-09-18T10:43:46.586+0000] {standard_task_runner.py:90} INFO - Running: ['airflow', 'tasks', 'run', '3_logistics_gold_metrics_dbt', 'dbt_run_gold', 'manual__2025-09-18T10:38:45.580674+00:00', '--job-id', '1087', '--raw', '--subdir', 'DAGS_FOLDER/3_logistics-gold-metrics-dbt.py', '--cfg-path', '/tmp/tmpwt726c7s']
[2025-09-18T10:43:46.631+0000] {standard_task_runner.py:91} INFO - Job 1087: Subtask dbt_run_gold
[2025-09-18T10:43:47.698+0000] {task_command.py:426} INFO - Running <TaskInstance: 3_logistics_gold_metrics_dbt.dbt_run_gold manual__2025-09-18T10:38:45.580674+00:00 [running]> on host 9d1b71842418
[2025-09-18T10:43:48.927+0000] {taskinstance.py:2648} INFO - Exporting env vars: AIRFLOW_CTX_DAG_OWNER='data_eng' AIRFLOW_CTX_DAG_ID='3_logistics_gold_metrics_dbt' AIRFLOW_CTX_TASK_ID='dbt_run_gold' AIRFLOW_CTX_EXECUTION_DATE='2025-09-18T10:38:45.580674+00:00' AIRFLOW_CTX_TRY_NUMBER='1' AIRFLOW_CTX_DAG_RUN_ID='manual__2025-09-18T10:38:45.580674+00:00'
[2025-09-18T10:43:48.964+0000] {taskinstance.py:430} INFO - ::endgroup::
[2025-09-18T10:43:49.080+0000] {subprocess.py:63} INFO - Tmp dir root location: /tmp
[2025-09-18T10:43:49.116+0000] {subprocess.py:75} INFO - Running command: ['/usr/bin/bash', '-c', 'cd /opt/airflow/dbt/dbt-project && dbt run --select path:models/gold/']
[2025-09-18T10:43:49.328+0000] {subprocess.py:86} INFO - Output:
[2025-09-18T10:44:03.844+0000] {subprocess.py:93} INFO - [0m10:44:03  Running with dbt=1.8.8
[2025-09-18T10:44:10.413+0000] {subprocess.py:93} INFO - [0m10:44:10  Registered adapter: snowflake=1.8.4
[2025-09-18T10:44:25.832+0000] {subprocess.py:93} INFO - [0m10:44:25  [[33mWARNING[0m]: Configuration paths exist in your dbt_project.yml file which do not apply to any resources.
[2025-09-18T10:44:25.835+0000] {subprocess.py:93} INFO - There are 1 unused configuration paths:
[2025-09-18T10:44:25.840+0000] {subprocess.py:93} INFO - - snapshots.customers
[2025-09-18T10:44:28.546+0000] {subprocess.py:93} INFO - [0m10:44:28  Found 18 models, 1 snapshot, 1 seed, 24 data tests, 8 sources, 726 macros
[2025-09-18T10:44:28.703+0000] {subprocess.py:93} INFO - [0m10:44:28
[2025-09-18T10:44:36.575+0000] {subprocess.py:93} INFO - [0m10:44:36  Concurrency: 3 threads (target='dev')
[2025-09-18T10:44:36.603+0000] {subprocess.py:93} INFO - [0m10:44:36
[2025-09-18T10:44:36.706+0000] {subprocess.py:93} INFO - [0m10:44:36  1 of 8 START sql table model gold.customer_experience_summary .................. [RUN]
[2025-09-18T10:44:36.725+0000] {subprocess.py:93} INFO - [0m10:44:36  2 of 8 START sql view model gold.delivery_performance_by_courier ............... [RUN]
[2025-09-18T10:44:36.737+0000] {subprocess.py:93} INFO - [0m10:44:36  3 of 8 START sql view model gold.delivery_sla_rootcause ........................ [RUN]
[2025-09-18T10:44:40.571+0000] {subprocess.py:93} INFO - [0m10:44:40  2 of 8 OK created sql view model gold.delivery_performance_by_courier .......... [[32mSUCCESS 1[0m in 3.78s]
[2025-09-18T10:44:40.637+0000] {subprocess.py:93} INFO - [0m10:44:40  4 of 8 START sql table model gold.dm_inventory_status .......................... [RUN]
[2025-09-18T10:44:40.786+0000] {subprocess.py:93} INFO - [0m10:44:40  3 of 8 OK created sql view model gold.delivery_sla_rootcause ................... [[32mSUCCESS 1[0m in 4.00s]
[2025-09-18T10:44:40.919+0000] {subprocess.py:93} INFO - [0m10:44:40  5 of 8 START sql table model gold.dm_order_fulfillment ......................... [RUN]
[2025-09-18T10:44:42.136+0000] {subprocess.py:93} INFO - [0m10:44:42  1 of 8 OK created sql table model gold.customer_experience_summary ............. [[32mSUCCESS 1[0m in 5.33s]
[2025-09-18T10:44:42.327+0000] {subprocess.py:93} INFO - [0m10:44:42  6 of 8 START sql table model gold.order_to_delivery_lifecycle .................. [RUN]
[2025-09-18T10:44:44.310+0000] {subprocess.py:93} INFO - [0m10:44:44  5 of 8 OK created sql table model gold.dm_order_fulfillment .................... [[32mSUCCESS 1[0m in 3.28s]
[2025-09-18T10:44:44.346+0000] {subprocess.py:93} INFO - [0m10:44:44  4 of 8 OK created sql table model gold.dm_inventory_status ..................... [[32mSUCCESS 1[0m in 3.58s]
[2025-09-18T10:44:44.447+0000] {subprocess.py:93} INFO - [0m10:44:44  7 of 8 START sql table model gold.seller_performance ........................... [RUN]
[2025-09-18T10:44:44.476+0000] {subprocess.py:93} INFO - [0m10:44:44  8 of 8 START sql view model gold.seller_product_profitability .................. [RUN]
[2025-09-18T10:44:45.929+0000] {subprocess.py:93} INFO - [0m10:44:45  6 of 8 OK created sql table model gold.order_to_delivery_lifecycle ............. [[32mSUCCESS 1[0m in 3.50s]
[2025-09-18T10:44:47.100+0000] {subprocess.py:93} INFO - [0m10:44:47  8 of 8 OK created sql view model gold.seller_product_profitability ............. [[32mSUCCESS 1[0m in 2.57s]
[2025-09-18T10:44:47.366+0000] {subprocess.py:93} INFO - [0m10:44:47  7 of 8 OK created sql table model gold.seller_performance ...................... [[32mSUCCESS 1[0m in 2.86s]
[2025-09-18T10:44:47.414+0000] {subprocess.py:93} INFO - [0m10:44:47
[2025-09-18T10:44:47.417+0000] {subprocess.py:93} INFO - [0m10:44:47  Finished running 3 view models, 5 table models in 0 hours 0 minutes and 18.70 seconds (18.70s).
[2025-09-18T10:44:48.173+0000] {subprocess.py:93} INFO - [0m10:44:48
[2025-09-18T10:44:48.178+0000] {subprocess.py:93} INFO - [0m10:44:48  [32mCompleted successfully[0m
[2025-09-18T10:44:48.185+0000] {subprocess.py:93} INFO - [0m10:44:48
[2025-09-18T10:44:48.188+0000] {subprocess.py:93} INFO - [0m10:44:48  Done. PASS=8 WARN=0 ERROR=0 SKIP=0 TOTAL=8
[2025-09-18T10:44:52.153+0000] {subprocess.py:97} INFO - Command exited with return code 0
[2025-09-18T10:44:52.156+0000] {taskinstance.py:441} INFO - ::group::Post task execution logs
[2025-09-18T10:44:52.790+0000] {taskinstance.py:1206} INFO - Marking task as SUCCESS. dag_id=3_logistics_gold_metrics_dbt, task_id=dbt_run_gold, run_id=manual__2025-09-18T10:38:45.580674+00:00, execution_date=20250918T103845, start_date=20250918T104346, end_date=20250918T104452
[2025-09-18T10:44:53.028+0000] {local_task_job_runner.py:240} INFO - Task exited with return code 0
[2025-09-18T10:44:53.269+0000] {taskinstance.py:3498} INFO - 0 downstream tasks scheduled from follow-on schedule check
[2025-09-18T10:44:53.302+0000] {local_task_job_runner.py:222} INFO - ::endgroup::
