[2025-09-12T15:45:44.438+0000] {local_task_job_runner.py:120} INFO - ::group::Pre task execution logs
[2025-09-12T15:45:44.571+0000] {taskinstance.py:2076} INFO - Dependencies all met for dep_context=non-requeueable deps ti=<TaskInstance: 2_logistics_shipment_dag.rest_api_to_s3 manual__2025-09-12T15:45:03.098344+00:00 [queued]>
[2025-09-12T15:45:44.608+0000] {taskinstance.py:2076} INFO - Dependencies all met for dep_context=requeueable deps ti=<TaskInstance: 2_logistics_shipment_dag.rest_api_to_s3 manual__2025-09-12T15:45:03.098344+00:00 [queued]>
[2025-09-12T15:45:44.610+0000] {taskinstance.py:2306} INFO - Starting attempt 1 of 2
[2025-09-12T15:45:44.828+0000] {taskinstance.py:2330} INFO - Executing <Task(PythonOperator): rest_api_to_s3> on 2025-09-12 15:45:03.098344+00:00
[2025-09-12T15:45:44.855+0000] {standard_task_runner.py:63} INFO - Started process 1414 to run task
[2025-09-12T15:45:44.878+0000] {standard_task_runner.py:90} INFO - Running: ['airflow', 'tasks', 'run', '2_logistics_shipment_dag', 'rest_api_to_s3', 'manual__2025-09-12T15:45:03.098344+00:00', '--job-id', '1065', '--raw', '--subdir', 'DAGS_FOLDER/2_logistics-shipment-dag.py', '--cfg-path', '/tmp/tmpbavffjvj']
[2025-09-12T15:45:44.893+0000] {standard_task_runner.py:91} INFO - Job 1065: Subtask rest_api_to_s3
[2025-09-12T15:45:45.191+0000] {task_command.py:426} INFO - Running <TaskInstance: 2_logistics_shipment_dag.rest_api_to_s3 manual__2025-09-12T15:45:03.098344+00:00 [running]> on host c4b06dd52c37
[2025-09-12T15:45:45.994+0000] {taskinstance.py:2648} INFO - Exporting env vars: AIRFLOW_CTX_DAG_OWNER='airflow' AIRFLOW_CTX_DAG_ID='2_logistics_shipment_dag' AIRFLOW_CTX_TASK_ID='rest_api_to_s3' AIRFLOW_CTX_EXECUTION_DATE='2025-09-12T15:45:03.098344+00:00' AIRFLOW_CTX_TRY_NUMBER='1' AIRFLOW_CTX_DAG_RUN_ID='manual__2025-09-12T15:45:03.098344+00:00'
[2025-09-12T15:45:46.002+0000] {taskinstance.py:430} INFO - ::endgroup::
[2025-09-12T15:45:50.744+0000] {logging_mixin.py:188} INFO - Uploaded shipment_20250912_154503.json to s3://json-assignment/logistics_json/shipment_20250912_154503.json
[2025-09-12T15:45:50.747+0000] {logging_mixin.py:188} INFO - @LOGISTICS_DEMO_1.BRONZE.AWS_DEMO_STAGE_3/logistics_json/shipment_20250912_154503.json
[2025-09-12T15:45:50.753+0000] {python.py:237} INFO - Done. Returned value was: None
[2025-09-12T15:45:50.755+0000] {taskinstance.py:441} INFO - ::group::Post task execution logs
[2025-09-12T15:45:50.807+0000] {taskinstance.py:1206} INFO - Marking task as SUCCESS. dag_id=2_logistics_shipment_dag, task_id=rest_api_to_s3, run_id=manual__2025-09-12T15:45:03.098344+00:00, execution_date=20250912T154503, start_date=20250912T154544, end_date=20250912T154550
[2025-09-12T15:45:50.974+0000] {local_task_job_runner.py:240} INFO - Task exited with return code 0
[2025-09-12T15:45:51.177+0000] {logging_mixin.py:188} WARNING - /home/airflow/.local/lib/python3.11/site-packages/airflow/models/baseoperator.py:1296 AirflowProviderDeprecationWarning: Call to deprecated class SnowflakeOperator. (This class is deprecated. Please use `airflow.providers.common.sql.operators.sql.SQLExecuteQueryOperator`. Also, you can provide `hook_params={'warehouse': <warehouse>, 'database': <database>, 'role': <role>, 'schema': <schema>, 'authenticator': <authenticator>,'session_parameters': <session_parameters>}`.)
[2025-09-12T15:45:51.343+0000] {taskinstance.py:3498} INFO - 1 downstream tasks scheduled from follow-on schedule check
[2025-09-12T15:45:51.397+0000] {local_task_job_runner.py:222} INFO - ::endgroup::
