[2025-09-11T12:43:43.072+0000] {local_task_job_runner.py:120} INFO - ::group::Pre task execution logs
[2025-09-11T12:43:43.458+0000] {taskinstance.py:2076} INFO - Dependencies all met for dep_context=non-requeueable deps ti=<TaskInstance: 1_logistics_airbyte_ingestion_dbt_silver.dbt_run_silver manual__2025-09-11T12:39:15.736511+00:00 [queued]>
[2025-09-11T12:43:43.532+0000] {taskinstance.py:2076} INFO - Dependencies all met for dep_context=requeueable deps ti=<TaskInstance: 1_logistics_airbyte_ingestion_dbt_silver.dbt_run_silver manual__2025-09-11T12:39:15.736511+00:00 [queued]>
[2025-09-11T12:43:43.535+0000] {taskinstance.py:2306} INFO - Starting attempt 1 of 1
[2025-09-11T12:43:43.825+0000] {taskinstance.py:2330} INFO - Executing <Task(BashOperator): dbt_run_silver> on 2025-09-11 12:39:15.736511+00:00
[2025-09-11T12:43:43.855+0000] {standard_task_runner.py:63} INFO - Started process 762 to run task
[2025-09-11T12:43:44.005+0000] {standard_task_runner.py:90} INFO - Running: ['airflow', 'tasks', 'run', '1_logistics_airbyte_ingestion_dbt_silver', 'dbt_run_silver', 'manual__2025-09-11T12:39:15.736511+00:00', '--job-id', '1063', '--raw', '--subdir', 'DAGS_FOLDER/1_logistics-airbyte-dbt.py', '--cfg-path', '/tmp/tmppdocxp5p']
[2025-09-11T12:43:44.141+0000] {standard_task_runner.py:91} INFO - Job 1063: Subtask dbt_run_silver
[2025-09-11T12:43:44.862+0000] {task_command.py:426} INFO - Running <TaskInstance: 1_logistics_airbyte_ingestion_dbt_silver.dbt_run_silver manual__2025-09-11T12:39:15.736511+00:00 [running]> on host 89a8f539dee9
[2025-09-11T12:43:45.425+0000] {taskinstance.py:2648} INFO - Exporting env vars: AIRFLOW_CTX_DAG_EMAIL='benjaminimp10@gmail.com' AIRFLOW_CTX_DAG_OWNER='airflow' AIRFLOW_CTX_DAG_ID='1_logistics_airbyte_ingestion_dbt_silver' AIRFLOW_CTX_TASK_ID='dbt_run_silver' AIRFLOW_CTX_EXECUTION_DATE='2025-09-11T12:39:15.736511+00:00' AIRFLOW_CTX_TRY_NUMBER='1' AIRFLOW_CTX_DAG_RUN_ID='manual__2025-09-11T12:39:15.736511+00:00'
[2025-09-11T12:43:45.430+0000] {taskinstance.py:430} INFO - ::endgroup::
[2025-09-11T12:43:45.570+0000] {subprocess.py:63} INFO - Tmp dir root location: /tmp
[2025-09-11T12:43:45.587+0000] {subprocess.py:75} INFO - Running command: ['/usr/bin/bash', '-c', 'cd /opt/airflow/dbt/dbt-project && dbt run --select path:models/silver/']
[2025-09-11T12:43:45.699+0000] {subprocess.py:86} INFO - Output:
[2025-09-11T12:43:55.901+0000] {subprocess.py:93} INFO - [0m12:43:55  Running with dbt=1.8.8
[2025-09-11T12:43:58.898+0000] {subprocess.py:93} INFO - [0m12:43:58  Registered adapter: snowflake=1.8.4
[2025-09-11T12:44:06.347+0000] {subprocess.py:93} INFO - [0m12:44:06  [[33mWARNING[0m]: Configuration paths exist in your dbt_project.yml file which do not apply to any resources.
[2025-09-11T12:44:06.348+0000] {subprocess.py:93} INFO - There are 1 unused configuration paths:
[2025-09-11T12:44:06.349+0000] {subprocess.py:93} INFO - - snapshots.customers
[2025-09-11T12:44:07.072+0000] {subprocess.py:93} INFO - [0m12:44:07  Found 18 models, 1 snapshot, 1 seed, 24 data tests, 8 sources, 726 macros
[2025-09-11T12:44:07.172+0000] {subprocess.py:93} INFO - [0m12:44:07
[2025-09-11T12:44:14.071+0000] {subprocess.py:93} INFO - [0m12:44:14  Concurrency: 3 threads (target='dev')
[2025-09-11T12:44:14.074+0000] {subprocess.py:93} INFO - [0m12:44:14
[2025-09-11T12:44:14.119+0000] {subprocess.py:93} INFO - [0m12:44:14  1 of 10 START sql incremental model silver.dim_couriers ........................ [RUN]
[2025-09-11T12:44:14.122+0000] {subprocess.py:93} INFO - [0m12:44:14  2 of 10 START sql incremental model silver.dim_customers ....................... [RUN]
[2025-09-11T12:44:14.125+0000] {subprocess.py:93} INFO - [0m12:44:14  3 of 10 START sql incremental model silver.dim_locations ....................... [RUN]
[2025-09-11T12:44:19.686+0000] {subprocess.py:93} INFO - [0m12:44:19  3 of 10 OK created sql incremental model silver.dim_locations .................. [[32mSUCCESS 1[0m in 5.50s]
[2025-09-11T12:44:19.710+0000] {subprocess.py:93} INFO - [0m12:44:19  1 of 10 OK created sql incremental model silver.dim_couriers ................... [[32mSUCCESS 1[0m in 5.56s]
[2025-09-11T12:44:19.750+0000] {subprocess.py:93} INFO - [0m12:44:19  4 of 10 START sql incremental model silver.dim_products ........................ [RUN]
[2025-09-11T12:44:19.820+0000] {subprocess.py:93} INFO - [0m12:44:19  5 of 10 START sql incremental model silver.dim_sellers ......................... [RUN]
[2025-09-11T12:44:23.076+0000] {subprocess.py:93} INFO - [0m12:44:23  2 of 10 OK created sql incremental model silver.dim_customers .................. [[32mSUCCESS 399[0m in 8.53s]
[2025-09-11T12:44:23.375+0000] {subprocess.py:93} INFO - [0m12:44:23  6 of 10 START sql incremental model silver.fact_inventory ...................... [RUN]
[2025-09-11T12:44:26.237+0000] {subprocess.py:93} INFO - [0m12:44:26  5 of 10 OK created sql incremental model silver.dim_sellers .................... [[32mSUCCESS 146[0m in 6.33s]
[2025-09-11T12:44:26.245+0000] {subprocess.py:93} INFO - [0m12:44:26  4 of 10 OK created sql incremental model silver.dim_products ................... [[32mSUCCESS 196[0m in 6.44s]
[2025-09-11T12:44:26.309+0000] {subprocess.py:93} INFO - [0m12:44:26  7 of 10 START sql incremental model silver.fact_orders ......................... [RUN]
[2025-09-11T12:44:26.315+0000] {subprocess.py:93} INFO - [0m12:44:26  8 of 10 START sql incremental model silver.silver_error_customers .............. [RUN]
[2025-09-11T12:44:26.636+0000] {subprocess.py:93} INFO - [0m12:44:26  6 of 10 OK created sql incremental model silver.fact_inventory ................. [[32mSUCCESS 1[0m in 3.23s]
[2025-09-11T12:44:26.678+0000] {subprocess.py:93} INFO - [0m12:44:26  9 of 10 START sql incremental model silver.silver_error_inventory .............. [RUN]
[2025-09-11T12:44:28.755+0000] {subprocess.py:93} INFO - [0m12:44:28  8 of 10 OK created sql incremental model silver.silver_error_customers ......... [[32mSUCCESS 1[0m in 2.35s]
[2025-09-11T12:44:28.978+0000] {subprocess.py:93} INFO - [0m12:44:28  10 of 10 START sql incremental model silver.silver_error_orders ................ [RUN]
[2025-09-11T12:44:29.015+0000] {subprocess.py:93} INFO - [0m12:44:29  7 of 10 OK created sql incremental model silver.fact_orders .................... [[32mSUCCESS 1[0m in 2.64s]
[2025-09-11T12:44:29.141+0000] {subprocess.py:93} INFO - [0m12:44:29  9 of 10 OK created sql incremental model silver.silver_error_inventory ......... [[32mSUCCESS 1[0m in 2.34s]
[2025-09-11T12:44:31.333+0000] {subprocess.py:93} INFO - [0m12:44:31  10 of 10 OK created sql incremental model silver.silver_error_orders ........... [[32mSUCCESS 1[0m in 2.26s]
[2025-09-11T12:44:31.354+0000] {subprocess.py:93} INFO - [0m12:44:31
[2025-09-11T12:44:31.357+0000] {subprocess.py:93} INFO - [0m12:44:31  Finished running 10 incremental models in 0 hours 0 minutes and 24.18 seconds (24.18s).
[2025-09-11T12:44:33.184+0000] {subprocess.py:93} INFO - [0m12:44:33
[2025-09-11T12:44:33.192+0000] {subprocess.py:93} INFO - [0m12:44:33  [32mCompleted successfully[0m
[2025-09-11T12:44:33.194+0000] {subprocess.py:93} INFO - [0m12:44:33
[2025-09-11T12:44:33.201+0000] {subprocess.py:93} INFO - [0m12:44:33  Done. PASS=10 WARN=0 ERROR=0 SKIP=0 TOTAL=10
[2025-09-11T12:44:38.773+0000] {subprocess.py:97} INFO - Command exited with return code 0
[2025-09-11T12:44:38.779+0000] {taskinstance.py:441} INFO - ::group::Post task execution logs
[2025-09-11T12:44:39.484+0000] {taskinstance.py:1206} INFO - Marking task as SUCCESS. dag_id=1_logistics_airbyte_ingestion_dbt_silver, task_id=dbt_run_silver, run_id=manual__2025-09-11T12:39:15.736511+00:00, execution_date=20250911T123915, start_date=20250911T124343, end_date=20250911T124439
[2025-09-11T12:44:39.713+0000] {local_task_job_runner.py:240} INFO - Task exited with return code 0
[2025-09-11T12:44:39.835+0000] {taskinstance.py:3498} INFO - 0 downstream tasks scheduled from follow-on schedule check
[2025-09-11T12:44:39.885+0000] {local_task_job_runner.py:222} INFO - ::endgroup::
